<?xml version="1.0" encoding="UTF-8"?>
<testng-results ignored="0" total="7" passed="6" failed="1" skipped="0">
  <reporter-output>
    <line>
      <![CDATA[<br><a title="Screenshot" href="/Volumes/DATA/Eclipse_Workspace/ASSIGNMENT_2_SELENIUM/./screenshots/funixExample1.png">]]>
    </line>
    <line>
      <![CDATA[<img width='418' height='240' alt='funixExample1.png title='title' src='./screenshots/funixExample1.png'/></br>]]>
    </line>
  </reporter-output>
  <suite started-at="2023-04-08T18:04:32 AEST" name="Suite" finished-at="2023-04-08T18:06:21 AEST" duration-ms="108573">
    <groups>
    </groups>
    <test started-at="2023-04-08T18:04:32 AEST" name="Test" finished-at="2023-04-08T18:06:21 AEST" duration-ms="108573">
      <class name="com.automation.testcase.TC_LoginTest">
        <test-method is-config="true" signature="initDriverInstance()[pri:0, instance:com.automation.testcase.TC_LoginTest@3835c46]" started-at="2023-04-08T18:04:32 AEST" name="initDriverInstance" finished-at="2023-04-08T18:04:39 AEST" duration-ms="6966" status="PASS">
          <reporter-output>
          </reporter-output>
        </test-method> <!-- initDriverInstance -->
        <test-method signature="TC001_LoginFirstAccount(java.lang.String,java.lang.String)[pri:0, instance:com.automation.testcase.TC_LoginTest@3835c46]" started-at="2023-04-08T18:04:40 AEST" name="TC001_LoginFirstAccount" data-provider="Excel" finished-at="2023-04-08T18:05:09 AEST" duration-ms="29414" status="FAIL">
          <params>
            <param index="0">
              <value>
                <![CDATA[funixExample1@gmail.com]]>
              </value>
            </param>
            <param index="1">
              <value>
                <![CDATA[Abc@1234_]]>
              </value>
            </param>
          </params>
          <exception class="org.openqa.selenium.NoSuchElementException">
            <message>
              <![CDATA[no such element: Unable to locate element: {"method":"xpath","selector":"//a[@href='/logout']"}
  (Session info: chrome=112.0.5615.49)
For documentation on this error, please visit: https://www.seleniumhq.org/exceptions/no_such_element.html
Build info: version: '3.141.59', revision: 'e82be7d358', time: '2018-11-14T08:17:03'
System info: host: 'HYTHAO.local', ip: 'fe80:0:0:0:e:c97a:72b2:39a%en0', os.name: 'Mac OS X', os.arch: 'aarch64', os.version: '12.2.1', java.version: '18.0.2'
Driver info: org.openqa.selenium.chrome.ChromeDriver
Capabilities {acceptInsecureCerts: false, browserName: chrome, browserVersion: 112.0.5615.49, chrome: {chromedriverVersion: 111.0.5563.64 (c710e93d5b63..., userDataDir: /var/folders/2p/v05hym8d213...}, goog:chromeOptions: {debuggerAddress: localhost:49548}, javascriptEnabled: true, networkConnectionEnabled: false, pageLoadStrategy: normal, platform: MAC, platformName: MAC, proxy: Proxy(), setWindowRect: true, strictFileInteractability: false, timeouts: {implicit: 0, pageLoad: 300000, script: 30000}, unhandledPromptBehavior: dismiss and notify, webauthn:extension:credBlob: true, webauthn:extension:largeBlob: true, webauthn:extension:minPinLength: true, webauthn:extension:prf: true, webauthn:virtualAuthenticators: true}
Session ID: 076db6556179e4ea55b798e3a6c05979
*** Element info: {Using=xpath, value=//a[@href='/logout']}]]>
            </message>
            <full-stacktrace>
              <![CDATA[org.openqa.selenium.NoSuchElementException: no such element: Unable to locate element: {"method":"xpath","selector":"//a[@href='/logout']"}
  (Session info: chrome=112.0.5615.49)
For documentation on this error, please visit: https://www.seleniumhq.org/exceptions/no_such_element.html
Build info: version: '3.141.59', revision: 'e82be7d358', time: '2018-11-14T08:17:03'
System info: host: 'HYTHAO.local', ip: 'fe80:0:0:0:e:c97a:72b2:39a%en0', os.name: 'Mac OS X', os.arch: 'aarch64', os.version: '12.2.1', java.version: '18.0.2'
Driver info: org.openqa.selenium.chrome.ChromeDriver
Capabilities {acceptInsecureCerts: false, browserName: chrome, browserVersion: 112.0.5615.49, chrome: {chromedriverVersion: 111.0.5563.64 (c710e93d5b63..., userDataDir: /var/folders/2p/v05hym8d213...}, goog:chromeOptions: {debuggerAddress: localhost:49548}, javascriptEnabled: true, networkConnectionEnabled: false, pageLoadStrategy: normal, platform: MAC, platformName: MAC, proxy: Proxy(), setWindowRect: true, strictFileInteractability: false, timeouts: {implicit: 0, pageLoad: 300000, script: 30000}, unhandledPromptBehavior: dismiss and notify, webauthn:extension:credBlob: true, webauthn:extension:largeBlob: true, webauthn:extension:minPinLength: true, webauthn:extension:prf: true, webauthn:virtualAuthenticators: true}
Session ID: 076db6556179e4ea55b798e3a6c05979
*** Element info: {Using=xpath, value=//a[@href='/logout']}
at java.base/jdk.internal.reflect.DirectConstructorHandleAccessor.newInstance(DirectConstructorHandleAccessor.java:67)
at java.base/java.lang.reflect.Constructor.newInstanceWithCaller(Constructor.java:499)
at java.base/java.lang.reflect.Constructor.newInstance(Constructor.java:483)
at org.openqa.selenium.remote.http.W3CHttpResponseCodec.createException(W3CHttpResponseCodec.java:187)
at org.openqa.selenium.remote.http.W3CHttpResponseCodec.decode(W3CHttpResponseCodec.java:122)
at org.openqa.selenium.remote.http.W3CHttpResponseCodec.decode(W3CHttpResponseCodec.java:49)
at org.openqa.selenium.remote.HttpCommandExecutor.execute(HttpCommandExecutor.java:158)
at org.openqa.selenium.remote.service.DriverCommandExecutor.execute(DriverCommandExecutor.java:83)
at org.openqa.selenium.remote.RemoteWebDriver.execute(RemoteWebDriver.java:552)
at org.openqa.selenium.remote.RemoteWebDriver.findElement(RemoteWebDriver.java:323)
at org.openqa.selenium.remote.RemoteWebDriver.findElementByXPath(RemoteWebDriver.java:428)
at org.openqa.selenium.By$ByXPath.findElement(By.java:353)
at org.openqa.selenium.remote.RemoteWebDriver.findElement(RemoteWebDriver.java:315)
at com.automation.utils.WebElementOfPropFile.getElement(WebElementOfPropFile.java:29)
at com.automation.utils.WebElementOfPropFile.findElement(WebElementOfPropFile.java:21)
at com.automation.pom.pages.TopMenu.clickLogout(TopMenu.java:21)
at com.automation.testcase.TC_LoginTest.TC001_LoginFirstAccount(TC_LoginTest.java:63)
at java.base/jdk.internal.reflect.DirectMethodHandleAccessor.invoke(DirectMethodHandleAccessor.java:104)
at java.base/java.lang.reflect.Method.invoke(Method.java:577)
at org.testng.internal.MethodInvocationHelper.invokeMethod(MethodInvocationHelper.java:133)
at org.testng.internal.TestInvoker.invokeMethod(TestInvoker.java:598)
at org.testng.internal.TestInvoker.invokeTestMethod(TestInvoker.java:173)
at org.testng.internal.MethodRunner.runInSequence(MethodRunner.java:46)
at org.testng.internal.TestInvoker$MethodInvocationAgent.invoke(TestInvoker.java:824)
at org.testng.internal.TestInvoker.invokeTestMethods(TestInvoker.java:146)
at org.testng.internal.TestMethodWorker.invokeTestMethods(TestMethodWorker.java:146)
at org.testng.internal.TestMethodWorker.run(TestMethodWorker.java:128)
at java.base/java.util.ArrayList.forEach(ArrayList.java:1511)
at org.testng.TestRunner.privateRun(TestRunner.java:794)
at org.testng.TestRunner.run(TestRunner.java:596)
at org.testng.SuiteRunner.runTest(SuiteRunner.java:377)
at org.testng.SuiteRunner.runSequentially(SuiteRunner.java:371)
at org.testng.SuiteRunner.privateRun(SuiteRunner.java:332)
at org.testng.SuiteRunner.run(SuiteRunner.java:276)
at org.testng.SuiteRunnerWorker.runSuite(SuiteRunnerWorker.java:53)
at org.testng.SuiteRunnerWorker.run(SuiteRunnerWorker.java:96)
at org.testng.TestNG.runSuitesSequentially(TestNG.java:1212)
at org.testng.TestNG.runSuitesLocally(TestNG.java:1134)
at org.testng.TestNG.runSuites(TestNG.java:1063)
at org.testng.TestNG.run(TestNG.java:1031)
at org.testng.remote.AbstractRemoteTestNG.run(AbstractRemoteTestNG.java:115)
at org.testng.remote.RemoteTestNG.initAndRun(RemoteTestNG.java:251)
at org.testng.remote.RemoteTestNG.main(RemoteTestNG.java:77)
]]>
            </full-stacktrace>
          </exception> <!-- org.openqa.selenium.NoSuchElementException -->
          <reporter-output>
          </reporter-output>
        </test-method> <!-- TC001_LoginFirstAccount -->
        <test-method is-config="true" signature="takeScreenshot(org.testng.ITestResult)[pri:0, instance:com.automation.testcase.TC_LoginTest@3835c46]" started-at="2023-04-08T18:05:09 AEST" name="takeScreenshot" finished-at="2023-04-08T18:05:09 AEST" duration-ms="226" status="PASS">
          <params>
            <param index="0">
              <value>
                <![CDATA[[TestResult name=TC001_LoginFirstAccount status=FAILURE method=TC_LoginTest.TC001_LoginFirstAccount(java.lang.String,java.lang.String)[pri:0, instance:com.automation.testcase.TC_LoginTest@3835c46] output={null}]]]>
              </value>
            </param>
          </params>
          <reporter-output>
            <line>
              <![CDATA[<br><a title="Screenshot" href="/Volumes/DATA/Eclipse_Workspace/ASSIGNMENT_2_SELENIUM/./screenshots/funixExample1.png">]]>
            </line>
            <line>
              <![CDATA[<img width='418' height='240' alt='funixExample1.png title='title' src='./screenshots/funixExample1.png'/></br>]]>
            </line>
          </reporter-output>
        </test-method> <!-- takeScreenshot -->
        <test-method signature="TC001_LoginFirstAccount(java.lang.String,java.lang.String)[pri:0, instance:com.automation.testcase.TC_LoginTest@3835c46]" started-at="2023-04-08T18:05:09 AEST" name="TC001_LoginFirstAccount" data-provider="Excel" finished-at="2023-04-08T18:05:27 AEST" duration-ms="17795" status="PASS">
          <params>
            <param index="0">
              <value>
                <![CDATA[funixExample2@gmail.com]]>
              </value>
            </param>
            <param index="1">
              <value>
                <![CDATA[Abc@13579]]>
              </value>
            </param>
          </params>
          <reporter-output>
          </reporter-output>
        </test-method> <!-- TC001_LoginFirstAccount -->
        <test-method is-config="true" signature="takeScreenshot(org.testng.ITestResult)[pri:0, instance:com.automation.testcase.TC_LoginTest@3835c46]" started-at="2023-04-08T18:05:27 AEST" name="takeScreenshot" finished-at="2023-04-08T18:05:27 AEST" duration-ms="0" status="PASS">
          <params>
            <param index="0">
              <value>
                <![CDATA[[TestResult name=TC001_LoginFirstAccount status=SUCCESS method=TC_LoginTest.TC001_LoginFirstAccount(java.lang.String,java.lang.String)[pri:0, instance:com.automation.testcase.TC_LoginTest@3835c46] output={null}]]]>
              </value>
            </param>
          </params>
          <reporter-output>
          </reporter-output>
        </test-method> <!-- takeScreenshot -->
        <test-method signature="TC001_LoginFirstAccount(java.lang.String,java.lang.String)[pri:0, instance:com.automation.testcase.TC_LoginTest@3835c46]" started-at="2023-04-08T18:05:27 AEST" name="TC001_LoginFirstAccount" data-provider="Excel" finished-at="2023-04-08T18:05:40 AEST" duration-ms="12843" status="PASS">
          <params>
            <param index="0">
              <value>
                <![CDATA[funixExample3@gmail.com]]>
              </value>
            </param>
            <param index="1">
              <value>
                <![CDATA[Funix1122]]>
              </value>
            </param>
          </params>
          <reporter-output>
          </reporter-output>
        </test-method> <!-- TC001_LoginFirstAccount -->
        <test-method signature="TC001_LoginFirstAccount(java.lang.String,java.lang.String)[pri:0, instance:com.automation.testcase.TC_LoginTest@3835c46]" started-at="2023-04-08T18:05:40 AEST" name="TC001_LoginFirstAccount" data-provider="Excel" finished-at="2023-04-08T18:05:53 AEST" duration-ms="13240" status="PASS">
          <params>
            <param index="0">
              <value>
                <![CDATA[funixExample4@gmail.com]]>
              </value>
            </param>
            <param index="1">
              <value>
                <![CDATA[Funix1234567]]>
              </value>
            </param>
          </params>
          <reporter-output>
          </reporter-output>
        </test-method> <!-- TC001_LoginFirstAccount -->
        <test-method is-config="true" signature="takeScreenshot(org.testng.ITestResult)[pri:0, instance:com.automation.testcase.TC_LoginTest@3835c46]" started-at="2023-04-08T18:05:40 AEST" name="takeScreenshot" finished-at="2023-04-08T18:05:40 AEST" duration-ms="0" status="PASS">
          <params>
            <param index="0">
              <value>
                <![CDATA[[TestResult name=TC001_LoginFirstAccount status=SUCCESS method=TC_LoginTest.TC001_LoginFirstAccount(java.lang.String,java.lang.String)[pri:0, instance:com.automation.testcase.TC_LoginTest@3835c46] output={null}]]]>
              </value>
            </param>
          </params>
          <reporter-output>
          </reporter-output>
        </test-method> <!-- takeScreenshot -->
        <test-method is-config="true" signature="takeScreenshot(org.testng.ITestResult)[pri:0, instance:com.automation.testcase.TC_LoginTest@3835c46]" started-at="2023-04-08T18:05:53 AEST" name="takeScreenshot" finished-at="2023-04-08T18:05:53 AEST" duration-ms="0" status="PASS">
          <params>
            <param index="0">
              <value>
                <![CDATA[[TestResult name=TC001_LoginFirstAccount status=SUCCESS method=TC_LoginTest.TC001_LoginFirstAccount(java.lang.String,java.lang.String)[pri:0, instance:com.automation.testcase.TC_LoginTest@3835c46] output={null}]]]>
              </value>
            </param>
          </params>
          <reporter-output>
          </reporter-output>
        </test-method> <!-- takeScreenshot -->
        <test-method signature="TC001_LoginFirstAccount(java.lang.String,java.lang.String)[pri:0, instance:com.automation.testcase.TC_LoginTest@3835c46]" started-at="2023-04-08T18:05:53 AEST" name="TC001_LoginFirstAccount" data-provider="Excel" finished-at="2023-04-08T18:06:04 AEST" duration-ms="10925" status="PASS">
          <params>
            <param index="0">
              <value>
                <![CDATA[funixExample5@gmail.com]]>
              </value>
            </param>
            <param index="1">
              <value>
                <![CDATA[Admin123]]>
              </value>
            </param>
          </params>
          <reporter-output>
          </reporter-output>
        </test-method> <!-- TC001_LoginFirstAccount -->
        <test-method is-config="true" signature="takeScreenshot(org.testng.ITestResult)[pri:0, instance:com.automation.testcase.TC_LoginTest@3835c46]" started-at="2023-04-08T18:06:04 AEST" name="takeScreenshot" finished-at="2023-04-08T18:06:04 AEST" duration-ms="0" status="PASS">
          <params>
            <param index="0">
              <value>
                <![CDATA[[TestResult name=TC001_LoginFirstAccount status=SUCCESS method=TC_LoginTest.TC001_LoginFirstAccount(java.lang.String,java.lang.String)[pri:0, instance:com.automation.testcase.TC_LoginTest@3835c46] output={null}]]]>
              </value>
            </param>
          </params>
          <reporter-output>
          </reporter-output>
        </test-method> <!-- takeScreenshot -->
        <test-method signature="TC001_LoginFirstAccount(java.lang.String,java.lang.String)[pri:0, instance:com.automation.testcase.TC_LoginTest@3835c46]" started-at="2023-04-08T18:06:04 AEST" name="TC001_LoginFirstAccount" data-provider="Excel" finished-at="2023-04-08T18:06:13 AEST" duration-ms="8970" status="PASS">
          <params>
            <param index="0">
              <value>
                <![CDATA[funixExample6@gmail.com]]>
              </value>
            </param>
            <param index="1">
              <value>
                <![CDATA[Abc@000]]>
              </value>
            </param>
          </params>
          <reporter-output>
          </reporter-output>
        </test-method> <!-- TC001_LoginFirstAccount -->
        <test-method signature="TC001_LoginFirstAccount(java.lang.String,java.lang.String)[pri:0, instance:com.automation.testcase.TC_LoginTest@3835c46]" started-at="2023-04-08T18:06:13 AEST" name="TC001_LoginFirstAccount" data-provider="Excel" finished-at="2023-04-08T18:06:21 AEST" duration-ms="7799" status="PASS">
          <params>
            <param index="0">
              <value>
                <![CDATA[funixExample7@gmail.com]]>
              </value>
            </param>
            <param index="1">
              <value>
                <![CDATA[Abc@111]]>
              </value>
            </param>
          </params>
          <reporter-output>
          </reporter-output>
        </test-method> <!-- TC001_LoginFirstAccount -->
        <test-method is-config="true" signature="takeScreenshot(org.testng.ITestResult)[pri:0, instance:com.automation.testcase.TC_LoginTest@3835c46]" started-at="2023-04-08T18:06:13 AEST" name="takeScreenshot" finished-at="2023-04-08T18:06:13 AEST" duration-ms="0" status="PASS">
          <params>
            <param index="0">
              <value>
                <![CDATA[[TestResult name=TC001_LoginFirstAccount status=SUCCESS method=TC_LoginTest.TC001_LoginFirstAccount(java.lang.String,java.lang.String)[pri:0, instance:com.automation.testcase.TC_LoginTest@3835c46] output={null}]]]>
              </value>
            </param>
          </params>
          <reporter-output>
          </reporter-output>
        </test-method> <!-- takeScreenshot -->
        <test-method is-config="true" signature="takeScreenshot(org.testng.ITestResult)[pri:0, instance:com.automation.testcase.TC_LoginTest@3835c46]" started-at="2023-04-08T18:06:21 AEST" name="takeScreenshot" finished-at="2023-04-08T18:06:21 AEST" duration-ms="0" status="PASS">
          <params>
            <param index="0">
              <value>
                <![CDATA[[TestResult name=TC001_LoginFirstAccount status=SUCCESS method=TC_LoginTest.TC001_LoginFirstAccount(java.lang.String,java.lang.String)[pri:0, instance:com.automation.testcase.TC_LoginTest@3835c46] output={null}]]]>
              </value>
            </param>
          </params>
          <reporter-output>
          </reporter-output>
        </test-method> <!-- takeScreenshot -->
        <test-method is-config="true" signature="closeDriverInstance()[pri:0, instance:com.automation.testcase.TC_LoginTest@3835c46]" started-at="2023-04-08T18:06:21 AEST" name="closeDriverInstance" finished-at="2023-04-08T18:06:21 AEST" duration-ms="175" status="PASS">
          <reporter-output>
          </reporter-output>
        </test-method> <!-- closeDriverInstance -->
      </class> <!-- com.automation.testcase.TC_LoginTest -->
    </test> <!-- Test -->
  </suite> <!-- Suite -->
</testng-results>
